<?xml version="1.0" encoding="UTF-8"?>
<!-- Generated by org.testng.reporters.JUnitReportReporter -->
<testsuite skipped="0" hostname="mxc02zmsxymd6m" name="com.inetbanking.testCases.TC_LoginTest_001" tests="1" failures="0" timestamp="2020-10-09T15:02:38 CDT" time="0.914" errors="0">
  <testcase name="loginTest" time="0.914" classname="com.inetbanking.testCases.TC_LoginTest_001"/>
  <system-out/>
</testsuite> <!-- com.inetbanking.testCases.TC_LoginTest_001 -->
