<?xml version="1.0" encoding="UTF-8"?>
<!-- Generated by org.testng.reporters.JUnitReportReporter -->
<testsuite skipped="0" hostname="mxc02zmsxymd6m" name="com.inetbanking.testCases.TC_LoginTest_001" tests="1" failures="0" timestamp="2020-10-14T17:51:38 CDT" time="1.981" errors="0">
  <testcase name="loginTest" time="1.981" classname="com.inetbanking.testCases.TC_LoginTest_001"/>
  <system-out/>
</testsuite> <!-- com.inetbanking.testCases.TC_LoginTest_001 -->
